legacy/Empire/proguard/seeds.txt
gnu.trove.decorator.TShortObjectMapDecorator
gnu.trove.decorator.TShortObjectMapDecorator: long serialVersionUID
gnu.trove.decorator.TShortObjectMapDecorator: gnu.trove.map.TShortObjectMap _map
gnu.trove.decorator.TShortObjectMapDecorator: TShortObjectMapDecorator()
gnu.trove.decorator.TShortObjectMapDecorator: TShortObjectMapDecorator(gnu.trove.map.TShortObjectMap)
gnu.trove.decorator.TShortObjectMapDecorator: gnu.trove.map.TShortObjectMap getMap()
gnu.trove.decorator.TShortObjectMapDecorator: java.lang.Object put(java.lang.Short,java.lang.Object)
gnu.trove.decorator.TShortObjectMapDecorator: java.lang.Object get(java.lang.Object)
gnu.trove.decorator.TShortObjectMapDecorator: void clear()
gnu.trove.decorator.TShortObjectMapDecorator: java.lang.Object remove(java.lang.Object)
gnu.trove.decorator.TShortObjectMapDecorator: java.util.Set entrySet()
gnu.trove.decorator.TShortObjectMapDecorator: boolean containsValue(java.lang.Object)
gnu.trove.decorator.TShortObjectMapDecorator: boolean containsKey(java.lang.Object)
gnu.trove.decorator.TShortObjectMapDecorator: int size()
gnu.trove.decorator.TShortObjectMapDecorator: boolean isEmpty()
gnu.trove.decorator.TShortObjectMapDecorator: void putAll(java.util.Map)
gnu.trove.decorator.TShortObjectMapDecorator: java.lang.Short wrapKey(short)
gnu.trove.decorator.TShortObjectMapDecorator: short unwrapKey(java.lang.Short)
gnu.trove.decorator.TShortObjectMapDecorator: void readExternal(java.io.ObjectInput)
gnu.trove.decorator.TShortSetDecorator
gnu.trove.decorator.TShortSetDecorator: long serialVersionUID
gnu.trove.decorator.TShortSetDecorator: gnu.trove.set.TShortSet _set
gnu.trove.decorator.TShortSetDecorator: TShortSetDecorator()
gnu.trove.decorator.TShortSetDecorator: TShortSetDecorator(gnu.trove.set.TShortSet)
gnu.trove.decorator.TShortSetDecorator: gnu.trove.set.TShortSet getSet()
gnu.trove.decorator.TShortSetDecorator: boolean add(java.lang.Short)
gnu.trove.decorator.TShortSetDecorator: boolean equals(java.lang.Object)
gnu.trove.decorator.TShortSetDecorator: void clear()
gnu.trove.decorator.TShortSetDecorator: boolean remove(java.lang.Object)
gnu.trove.decorator.TShortSetDecorator: java.util.Iterator iterator()
gnu.trove.decorator.TShortSetDecorator: int size()
gnu.trove.decorator.TShortSetDecorator: boolean isEmpty()
gnu.trove.decorator.TShortSetDecorator: boolean contains(java.lang.Object)
gnu.trove.decorator.TShortSetDecorator: void readExternal(java.io.ObjectInput)
gnu.trove.decorator.TShortSetDecorator: void writeExternal(java.io.ObjectOutput)
gnu.trove.decorator.TShortSetDecorator: boolean add(java.lang.Object)